2018-05-10 16:43:18,403 INFO 73571 [egg:logger] init all loggers with options: {"dir":"/Users/pepsi/WorkSpace/egg/logs/egg-example","encoding":"utf8","env":"local","level":"INFO","consoleLevel":"INFO","disableConsoleAfterReady":false,"outputJSON":false,"buffer":true,"appLogName":"egg-example-web.log","coreLogName":"egg-web.log","agentLogName":"egg-agent.log","errorLogName":"common-error.log","coreLogger":{"consoleLevel":"WARN"},"allowDebugAtProd":true,"type":"application"}
2018-05-10 16:43:18,436 INFO 73571 [egg-schedule]: register schedule /Users/pepsi/WorkSpace/egg/node_modules/egg-logrotator/app/schedule/clean_log.js
2018-05-10 16:43:18,436 INFO 73571 [egg-schedule]: register schedule /Users/pepsi/WorkSpace/egg/node_modules/egg-logrotator/app/schedule/rotate_by_file.js
2018-05-10 16:43:18,497 INFO 73571 [egg-static] starting static serve /public/ -> /Users/pepsi/WorkSpace/egg/app/public
2018-05-10 16:43:18,500 INFO 73571 [egg-security] use csrf middleware
2018-05-10 16:43:18,501 INFO 73571 [egg-security] use methodnoallow middleware
2018-05-10 16:43:18,501 INFO 73571 [egg-security] use noopen middleware
2018-05-10 16:43:18,502 INFO 73571 [egg-security] use nosniff middleware
2018-05-10 16:43:18,502 INFO 73571 [egg-security] use xssProtection middleware
2018-05-10 16:43:18,503 INFO 73571 [egg-security] use xframe middleware
2018-05-10 16:43:18,504 INFO 73571 [egg-security] use dta middleware
2018-05-10 16:43:18,504 INFO 73571 [egg-security] compose 7 middlewares into one security middleware
2018-05-10 16:43:18,511 INFO 73571 [egg:core] dump config after load, 4ms
2018-05-10 16:43:18,527 INFO 73571 [egg-watcher:app] watcher start success
2018-05-10 16:43:18,531 INFO 73571 [egg:core] dump config after ready, 2ms
2018-05-10 17:00:43,193 INFO 73635 [egg:logger] init all loggers with options: {"dir":"/Users/pepsi/WorkSpace/egg/logs/egg-example","encoding":"utf8","env":"local","level":"INFO","consoleLevel":"INFO","disableConsoleAfterReady":false,"outputJSON":false,"buffer":true,"appLogName":"egg-example-web.log","coreLogName":"egg-web.log","agentLogName":"egg-agent.log","errorLogName":"common-error.log","coreLogger":{"consoleLevel":"WARN"},"allowDebugAtProd":true,"type":"application"}
2018-05-10 17:00:43,231 INFO 73635 [egg-schedule]: register schedule /Users/pepsi/WorkSpace/egg/node_modules/egg-logrotator/app/schedule/clean_log.js
2018-05-10 17:00:43,231 INFO 73635 [egg-schedule]: register schedule /Users/pepsi/WorkSpace/egg/node_modules/egg-logrotator/app/schedule/rotate_by_file.js
2018-05-10 17:00:43,286 INFO 73635 [egg-static] starting static serve /public/ -> /Users/pepsi/WorkSpace/egg/app/public
2018-05-10 17:00:43,292 INFO 73635 [egg-security] use csrf middleware
2018-05-10 17:00:43,299 INFO 73635 [egg-security] use methodnoallow middleware
2018-05-10 17:00:43,306 INFO 73635 [egg-security] use noopen middleware
2018-05-10 17:00:43,308 INFO 73635 [egg-security] use nosniff middleware
2018-05-10 17:00:43,314 INFO 73635 [egg-security] use xssProtection middleware
2018-05-10 17:00:43,320 INFO 73635 [egg-security] use xframe middleware
2018-05-10 17:00:43,327 INFO 73635 [egg-security] use dta middleware
2018-05-10 17:00:43,327 INFO 73635 [egg-security] compose 7 middlewares into one security middleware
2018-05-10 17:00:43,357 INFO 73635 [egg:core] dump config after load, 4ms
2018-05-10 17:00:43,368 INFO 73635 [egg-watcher:app] watcher start success
2018-05-10 17:00:43,371 INFO 73635 [egg:core] dump config after ready, 2ms
2018-05-10 17:00:56,692 INFO 73635 [egg-view-nunjucks] loading templates from ["/Users/pepsi/WorkSpace/egg/app/view"]
2018-05-10 17:24:12,058 INFO 73715 [egg:logger] init all loggers with options: {"dir":"/Users/pepsi/WorkSpace/egg/logs/egg-example","encoding":"utf8","env":"local","level":"INFO","consoleLevel":"INFO","disableConsoleAfterReady":false,"outputJSON":false,"buffer":true,"appLogName":"egg-example-web.log","coreLogName":"egg-web.log","agentLogName":"egg-agent.log","errorLogName":"common-error.log","coreLogger":{"consoleLevel":"WARN"},"allowDebugAtProd":true,"type":"application"}
2018-05-10 17:24:12,088 INFO 73715 [egg-schedule]: register schedule /Users/pepsi/WorkSpace/egg/node_modules/egg-logrotator/app/schedule/clean_log.js
2018-05-10 17:24:12,088 INFO 73715 [egg-schedule]: register schedule /Users/pepsi/WorkSpace/egg/node_modules/egg-logrotator/app/schedule/rotate_by_file.js
2018-05-10 17:24:12,134 INFO 73715 [egg-static] starting static serve /public/ -> /Users/pepsi/WorkSpace/egg/app/public
2018-05-10 17:24:12,136 INFO 73715 [egg-security] use csrf middleware
2018-05-10 17:24:12,137 INFO 73715 [egg-security] use methodnoallow middleware
2018-05-10 17:24:12,138 INFO 73715 [egg-security] use noopen middleware
2018-05-10 17:24:12,138 INFO 73715 [egg-security] use nosniff middleware
2018-05-10 17:24:12,139 INFO 73715 [egg-security] use xssProtection middleware
2018-05-10 17:24:12,139 INFO 73715 [egg-security] use xframe middleware
2018-05-10 17:24:12,140 INFO 73715 [egg-security] use dta middleware
2018-05-10 17:24:12,140 INFO 73715 [egg-security] compose 7 middlewares into one security middleware
2018-05-10 17:24:12,147 INFO 73715 [egg:core] dump config after load, 3ms
2018-05-10 17:24:12,159 INFO 73715 [egg-watcher:app] watcher start success
2018-05-10 17:24:12,162 INFO 73715 [egg:core] dump config after ready, 2ms
2018-05-10 17:25:29,325 INFO 73722 [egg:logger] init all loggers with options: {"dir":"/Users/pepsi/WorkSpace/egg/logs/egg-example","encoding":"utf8","env":"local","level":"INFO","consoleLevel":"INFO","disableConsoleAfterReady":false,"outputJSON":false,"buffer":true,"appLogName":"egg-example-web.log","coreLogName":"egg-web.log","agentLogName":"egg-agent.log","errorLogName":"common-error.log","coreLogger":{"consoleLevel":"WARN"},"allowDebugAtProd":true,"type":"application"}
2018-05-10 17:25:29,362 INFO 73722 [egg-schedule]: register schedule /Users/pepsi/WorkSpace/egg/node_modules/egg-logrotator/app/schedule/clean_log.js
2018-05-10 17:25:29,362 INFO 73722 [egg-schedule]: register schedule /Users/pepsi/WorkSpace/egg/node_modules/egg-logrotator/app/schedule/rotate_by_file.js
2018-05-10 17:25:29,403 INFO 73722 [egg-static] starting static serve /public/ -> /Users/pepsi/WorkSpace/egg/app/public
2018-05-10 17:25:29,405 INFO 73722 [egg-security] use csrf middleware
2018-05-10 17:25:29,406 INFO 73722 [egg-security] use methodnoallow middleware
2018-05-10 17:25:29,407 INFO 73722 [egg-security] use noopen middleware
2018-05-10 17:25:29,407 INFO 73722 [egg-security] use nosniff middleware
2018-05-10 17:25:29,408 INFO 73722 [egg-security] use xssProtection middleware
2018-05-10 17:25:29,408 INFO 73722 [egg-security] use xframe middleware
2018-05-10 17:25:29,409 INFO 73722 [egg-security] use dta middleware
2018-05-10 17:25:29,409 INFO 73722 [egg-security] compose 7 middlewares into one security middleware
2018-05-10 17:25:29,416 INFO 73722 [egg:core] dump config after load, 4ms
2018-05-10 17:25:29,427 INFO 73722 [egg-watcher:app] watcher start success
2018-05-10 17:25:29,430 INFO 73722 [egg:core] dump config after ready, 2ms
2018-05-10 17:26:48,866 INFO 73728 [egg:logger] init all loggers with options: {"dir":"/Users/pepsi/WorkSpace/egg/logs/egg-example","encoding":"utf8","env":"local","level":"INFO","consoleLevel":"INFO","disableConsoleAfterReady":false,"outputJSON":false,"buffer":true,"appLogName":"egg-example-web.log","coreLogName":"egg-web.log","agentLogName":"egg-agent.log","errorLogName":"common-error.log","coreLogger":{"consoleLevel":"WARN"},"allowDebugAtProd":true,"type":"application"}
2018-05-10 17:26:48,916 INFO 73728 [egg-schedule]: register schedule /Users/pepsi/WorkSpace/egg/node_modules/egg-logrotator/app/schedule/clean_log.js
2018-05-10 17:26:48,916 INFO 73728 [egg-schedule]: register schedule /Users/pepsi/WorkSpace/egg/node_modules/egg-logrotator/app/schedule/rotate_by_file.js
2018-05-10 17:26:48,984 INFO 73728 [egg-static] starting static serve /public/ -> /Users/pepsi/WorkSpace/egg/app/public
2018-05-10 17:26:48,986 INFO 73728 [egg-security] use csrf middleware
2018-05-10 17:26:48,987 INFO 73728 [egg-security] use methodnoallow middleware
2018-05-10 17:26:48,988 INFO 73728 [egg-security] use noopen middleware
2018-05-10 17:26:48,988 INFO 73728 [egg-security] use nosniff middleware
2018-05-10 17:26:48,989 INFO 73728 [egg-security] use xssProtection middleware
2018-05-10 17:26:48,990 INFO 73728 [egg-security] use xframe middleware
2018-05-10 17:26:48,990 INFO 73728 [egg-security] use dta middleware
2018-05-10 17:26:48,990 INFO 73728 [egg-security] compose 7 middlewares into one security middleware
2018-05-10 17:26:48,997 INFO 73728 [egg:core] dump config after load, 3ms
2018-05-10 17:26:49,009 INFO 73728 [egg-watcher:app] watcher start success
2018-05-10 17:26:49,012 INFO 73728 [egg:core] dump config after ready, 2ms
2018-05-10 17:27:19,689 INFO 73730 [egg:logger] init all loggers with options: {"dir":"/Users/pepsi/WorkSpace/egg/logs/egg-example","encoding":"utf8","env":"local","level":"INFO","consoleLevel":"INFO","disableConsoleAfterReady":false,"outputJSON":false,"buffer":true,"appLogName":"egg-example-web.log","coreLogName":"egg-web.log","agentLogName":"egg-agent.log","errorLogName":"common-error.log","coreLogger":{"consoleLevel":"WARN"},"allowDebugAtProd":true,"type":"application"}
2018-05-10 17:27:19,732 INFO 73730 [egg-schedule]: register schedule /Users/pepsi/WorkSpace/egg/node_modules/egg-logrotator/app/schedule/clean_log.js
2018-05-10 17:27:19,732 INFO 73730 [egg-schedule]: register schedule /Users/pepsi/WorkSpace/egg/node_modules/egg-logrotator/app/schedule/rotate_by_file.js
2018-05-10 17:27:19,779 INFO 73730 [egg-static] starting static serve /public/ -> /Users/pepsi/WorkSpace/egg/app/public
2018-05-10 17:27:19,782 INFO 73730 [egg-security] use csrf middleware
2018-05-10 17:27:19,782 INFO 73730 [egg-security] use methodnoallow middleware
2018-05-10 17:27:19,783 INFO 73730 [egg-security] use noopen middleware
2018-05-10 17:27:19,784 INFO 73730 [egg-security] use nosniff middleware
2018-05-10 17:27:19,784 INFO 73730 [egg-security] use xssProtection middleware
2018-05-10 17:27:19,786 INFO 73730 [egg-security] use xframe middleware
2018-05-10 17:27:19,792 INFO 73730 [egg-security] use dta middleware
2018-05-10 17:27:19,792 INFO 73730 [egg-security] compose 7 middlewares into one security middleware
2018-05-10 17:27:19,803 INFO 73730 [egg:core] dump config after load, 4ms
2018-05-10 17:27:19,811 INFO 73730 [egg-watcher:app] watcher start success
2018-05-10 17:27:19,814 INFO 73730 [egg:core] dump config after ready, 1ms
2018-05-10 17:27:22,170 INFO 73732 [egg:logger] init all loggers with options: {"dir":"/Users/pepsi/WorkSpace/egg/logs/egg-example","encoding":"utf8","env":"local","level":"INFO","consoleLevel":"INFO","disableConsoleAfterReady":false,"outputJSON":false,"buffer":true,"appLogName":"egg-example-web.log","coreLogName":"egg-web.log","agentLogName":"egg-agent.log","errorLogName":"common-error.log","coreLogger":{"consoleLevel":"WARN"},"allowDebugAtProd":true,"type":"application"}
2018-05-10 17:27:22,206 INFO 73732 [egg-schedule]: register schedule /Users/pepsi/WorkSpace/egg/node_modules/egg-logrotator/app/schedule/clean_log.js
2018-05-10 17:27:22,206 INFO 73732 [egg-schedule]: register schedule /Users/pepsi/WorkSpace/egg/node_modules/egg-logrotator/app/schedule/rotate_by_file.js
2018-05-10 17:27:22,236 INFO 73732 [egg-static] starting static serve /public/ -> /Users/pepsi/WorkSpace/egg/app/public
2018-05-10 17:27:22,243 INFO 73732 [egg-security] use csrf middleware
2018-05-10 17:27:22,245 INFO 73732 [egg-security] use methodnoallow middleware
2018-05-10 17:27:22,245 INFO 73732 [egg-security] use noopen middleware
2018-05-10 17:27:22,246 INFO 73732 [egg-security] use nosniff middleware
2018-05-10 17:27:22,246 INFO 73732 [egg-security] use xssProtection middleware
2018-05-10 17:27:22,246 INFO 73732 [egg-security] use xframe middleware
2018-05-10 17:27:22,246 INFO 73732 [egg-security] use dta middleware
2018-05-10 17:27:22,246 INFO 73732 [egg-security] compose 7 middlewares into one security middleware
2018-05-10 17:27:22,254 INFO 73732 [egg:core] dump config after load, 5ms
2018-05-10 17:27:22,267 INFO 73732 [egg-watcher:app] watcher start success
2018-05-10 17:27:22,270 INFO 73732 [egg:core] dump config after ready, 2ms
